<?xml version="1.0" encoding="UTF-8"?>
<testsuite xmlns:xsi="http://www.w3.org/2001/XMLSchema-instance" xsi:noNamespaceSchemaLocation="https://maven.apache.org/surefire/maven-surefire-plugin/xsd/surefire-test-report.xsd" version="3.0.2" name="com.example.demo.service.NotificationServiceTest" time="0.595" tests="4" errors="0" skipped="0" failures="0" flakes="0">
  <properties>
[...]
</properties>
  <testcase name="shouldSendConfiguredNotificationsAndCompleteEmitter" classname="com.example.demo.service.NotificationServiceTest" time="0.567">
    <system-err><![CDATA[Mockito is currently self-attaching to enable the inline-mock-maker. This will no longer work in future releases of the JDK. Please add Mockito as an agent to your build as described in Mockito's documentation: https://javadoc.io/doc/org.mockito/mockito-core/latest/org.mockito/org/mockito/Mockito.html#0.3
WARNING: A Java agent has been loaded dynamically (/home/sartori/.m2/repository/net/bytebuddy/byte-buddy-agent/1.18.11/byte-buddy-agent-1.18.11.jar)
WARNING: If a serviceability tool is in use, please run with -XX:+EnableDynamicAgentLoading to hide this warning
WARNING: If a serviceability tool is not in use, please run with -Djdk.instrument.traceUsage for more information
WARNING: Dynamic loading of agents will be disallowed by default in a future release
]]></system-err>
  </testcase>
  <testcase name="shouldRejectInvalidEventCount" classname="com.example.demo.service.NotificationServiceTest" time="0.007"/>
  <testcase name="shouldCompleteWithNotificationExceptionWhenSendingFails" classname="com.example.demo.service.NotificationServiceTest" time="0.004"/>
  <testcase name="shouldRejectNegativeEventDelay" classname="com.example.demo.service.NotificationServiceTest" time="0.002"/>
</testsuite>