<?xml version="1.0" encoding="UTF-8"?>
<testsuite xmlns:xsi="http://www.w3.org/2001/XMLSchema-instance" xsi:noNamespaceSchemaLocation="https://maven.apache.org/surefire/maven-surefire-plugin/xsd/surefire-test-report.xsd" version="3.0.2" name="com.example.demo.controller.NotificationControllerTest" time="1.016" tests="2" errors="0" skipped="0" failures="0" flakes="0">
  <properties>
[...]
</properties>
  <testcase name="shouldReturnExceptionMessageAndStatusFromGlobalAdvice" classname="com.example.demo.controller.NotificationControllerTest" time="0.044">
    <system-out><![CDATA[21:22:48.917 [main] INFO org.springframework.test.context.support.AnnotationConfigContextLoaderUtils -- Could not detect default configuration classes for test class [com.example.demo.controller.NotificationControllerTest]: NotificationControllerTest does not declare any static, non-private, non-final, nested classes annotated with @Configuration.
21:22:48.985 [main] INFO org.springframework.boot.test.context.SpringBootTestContextBootstrapper -- Found @SpringBootConfiguration com.example.demo.DemoApplication for test class com.example.demo.controller.NotificationControllerTest
21:22:48.987 [main] INFO org.springframework.test.context.support.AnnotationConfigContextLoaderUtils -- Could not detect default configuration classes for test class [com.example.demo.controller.NotificationControllerTest]: NotificationControllerTest does not declare any static, non-private, non-final, nested classes annotated with @Configuration.
21:22:48.993 [main] INFO org.springframework.boot.test.context.SpringBootTestContextBootstrapper -- Found @SpringBootConfiguration com.example.demo.DemoApplication for test class com.example.demo.controller.NotificationControllerTest

  .   ____          _            __ _ _
 /\\ / ___'_ __ _ _(_)_ __  __ _ \ \ \ \
( ( )\___ | '_ | '_| | '_ \/ _` | \ \ \ \
 \\/  ___)| |_)| | | | | || (_| |  ) ) ) )
  '  |____| .__|_| |_|_| |_\__, | / / / /
 =========|_|==============|___/=/_/_/_/

 :: Spring Boot ::                (v4.1.1)

2026-09-23T21:22:49.211-03:00  INFO 17604 --- [demo] [           main] c.e.d.c.NotificationControllerTest       : Starting NotificationControllerTest using Java 21.0.3 with PID 17604 (started by sartori in /home/sartori/Documentos/source/spring-boot-demo/spring-boot-server-sent-events)
2026-09-23T21:22:49.212-03:00  INFO 17604 --- [demo] [           main] c.e.d.c.NotificationControllerTest       : No active profile set, falling back to 1 default profile: "default"
2026-09-23T21:22:49.624-03:00  INFO 17604 --- [demo] [           main] o.s.b.w.a.WelcomePageHandlerMapping      : Adding welcome page: class path resource [static/index.html]
2026-09-23T21:22:49.751-03:00  INFO 17604 --- [demo] [           main] o.s.b.t.m.w.SpringBootMockServletContext : Initializing Spring TestDispatcherServlet ''
2026-09-23T21:22:49.751-03:00  INFO 17604 --- [demo] [           main] o.s.t.web.servlet.TestDispatcherServlet  : Initializing Servlet ''
2026-09-23T21:22:49.753-03:00  INFO 17604 --- [demo] [           main] o.s.t.web.servlet.TestDispatcherServlet  : Completed initialization in 1 ms
2026-09-23T21:22:49.778-03:00  INFO 17604 --- [demo] [           main] c.e.d.c.NotificationControllerTest       : Started NotificationControllerTest in 0.745 seconds (process running for 1.912)
]]></system-out>
  </testcase>
  <testcase name="shouldDelegateStreamingToService" classname="com.example.demo.controller.NotificationControllerTest" time="0.01"/>
</testsuite>